<?xml version="1.0" encoding="UTF-8"?>
<testsuite name="com.jojoldu.book.springboot.web.IndexControllerTest" tests="1" skipped="0" failures="0" errors="0" timestamp="2021-06-28T08:52:29" hostname="DESKTOP-K0AGBQA" time="0.372">
  <properties/>
  <testcase name="mainpage_loading" classname="com.jojoldu.book.springboot.web.IndexControllerTest" time="0.372"/>
  <system-out><![CDATA[2021-06-28 17:52:24.556  INFO 8800 --- [    Test worker] .b.t.c.SpringBootTestContextBootstrapper : Neither @ContextConfiguration nor @ContextHierarchy found for test class [com.jojoldu.book.springboot.web.IndexControllerTest], using SpringBootContextLoader
2021-06-28 17:52:24.559  INFO 8800 --- [    Test worker] o.s.t.c.support.AbstractContextLoader    : Could not detect default resource locations for test class [com.jojoldu.book.springboot.web.IndexControllerTest]: no resource found for suffixes {-context.xml, Context.groovy}.
2021-06-28 17:52:24.559  INFO 8800 --- [    Test worker] t.c.s.AnnotationConfigContextLoaderUtils : Could not detect default configuration classes for test class [com.jojoldu.book.springboot.web.IndexControllerTest]: IndexControllerTest does not declare any static, non-private, non-final, nested classes annotated with @Configuration.
2021-06-28 17:52:24.563  INFO 8800 --- [    Test worker] .b.t.c.SpringBootTestContextBootstrapper : Found @SpringBootConfiguration com.jojoldu.book.springboot.Application for test class com.jojoldu.book.springboot.web.IndexControllerTest
2021-06-28 17:52:24.566  INFO 8800 --- [    Test worker] .b.t.c.SpringBootTestContextBootstrapper : Loaded default TestExecutionListener class names from location [META-INF/spring.factories]: [org.springframework.security.test.context.support.WithSecurityContextTestExecutionListener, org.springframework.security.test.context.support.ReactorContextTestExecutionListener, org.springframework.boot.test.autoconfigure.restdocs.RestDocsTestExecutionListener, org.springframework.boot.test.autoconfigure.web.client.MockRestServiceServerResetTestExecutionListener, org.springframework.boot.test.autoconfigure.web.servlet.MockMvcPrintOnlyOnFailureTestExecutionListener, org.springframework.boot.test.autoconfigure.web.servlet.WebDriverTestExecutionListener, org.springframework.boot.test.mock.mockito.MockitoTestExecutionListener, org.springframework.boot.test.mock.mockito.ResetMocksTestExecutionListener, org.springframework.test.context.web.ServletTestExecutionListener, org.springframework.test.context.support.DirtiesContextBeforeModesTestExecutionListener, org.springframework.test.context.support.DependencyInjectionTestExecutionListener, org.springframework.test.context.support.DirtiesContextTestExecutionListener, org.springframework.test.context.transaction.TransactionalTestExecutionListener, org.springframework.test.context.jdbc.SqlScriptsTestExecutionListener]
2021-06-28 17:52:24.568  INFO 8800 --- [    Test worker] .b.t.c.SpringBootTestContextBootstrapper : Using TestExecutionListeners: [org.springframework.test.context.web.ServletTestExecutionListener@3fc25ff8, org.springframework.test.context.support.DirtiesContextBeforeModesTestExecutionListener@777e64d3, org.springframework.boot.test.mock.mockito.MockitoTestExecutionListener@7032f7ac, org.springframework.boot.test.autoconfigure.SpringBootDependencyInjectionTestExecutionListener@1a99d369, org.springframework.test.context.support.DirtiesContextTestExecutionListener@3709625d, org.springframework.test.context.transaction.TransactionalTestExecutionListener@33d5c093, org.springframework.test.context.jdbc.SqlScriptsTestExecutionListener@54bdced2, org.springframework.security.test.context.support.WithSecurityContextTestExecutionListener@eb5db7, org.springframework.security.test.context.support.ReactorContextTestExecutionListener@7c8ccc7d, org.springframework.boot.test.autoconfigure.restdocs.RestDocsTestExecutionListener@61404a27, org.springframework.boot.test.autoconfigure.web.client.MockRestServiceServerResetTestExecutionListener@5b31d383, org.springframework.boot.test.autoconfigure.web.servlet.MockMvcPrintOnlyOnFailureTestExecutionListener@16d2bb7, org.springframework.boot.test.autoconfigure.web.servlet.WebDriverTestExecutionListener@1b98f0c3, org.springframework.boot.test.mock.mockito.ResetMocksTestExecutionListener@78ea80e5]

  .   ____          _            __ _ _
 /\\ / ___'_ __ _ _(_)_ __  __ _ \ \ \ \
( ( )\___ | '_ | '_| | '_ \/ _` | \ \ \ \
 \\/  ___)| |_)| | | | | || (_| |  ) ) ) )
  '  |____| .__|_| |_|_| |_\__, | / / / /
 =========|_|==============|___/=/_/_/_/
 :: Spring Boot ::        (v2.1.7.RELEASE)

2021-06-28 17:52:24.668  INFO 8800 --- [    Test worker] c.j.b.s.web.IndexControllerTest          : Starting IndexControllerTest on DESKTOP-K0AGBQA with PID 8800 (started by user in C:\Users\user\IdeaProjects\mycarrot4)
2021-06-28 17:52:24.670  INFO 8800 --- [    Test worker] c.j.b.s.web.IndexControllerTest          : No active profile set, falling back to default profiles: default
2021-06-28 17:52:25.201  INFO 8800 --- [    Test worker] .s.d.r.c.RepositoryConfigurationDelegate : Bootstrapping Spring Data repositories in DEFAULT mode.
2021-06-28 17:52:25.267  INFO 8800 --- [    Test worker] .s.d.r.c.RepositoryConfigurationDelegate : Finished Spring Data repository scanning in 66ms. Found 2 repository interfaces.
2021-06-28 17:52:25.472  INFO 8800 --- [    Test worker] trationDelegate$BeanPostProcessorChecker : Bean 'org.springframework.transaction.annotation.ProxyTransactionManagementConfiguration' of type [org.springframework.transaction.annotation.ProxyTransactionManagementConfiguration$$EnhancerBySpringCGLIB$$6881a80f] is not eligible for getting processed by all BeanPostProcessors (for example: not eligible for auto-proxying)
2021-06-28 17:52:26.072  INFO 8800 --- [    Test worker] o.s.b.w.embedded.tomcat.TomcatWebServer  : Tomcat initialized with port(s): 0 (http)
2021-06-28 17:52:26.148  INFO 8800 --- [    Test worker] o.apache.catalina.core.StandardService   : Starting service [Tomcat]
2021-06-28 17:52:26.149  INFO 8800 --- [    Test worker] org.apache.catalina.core.StandardEngine  : Starting Servlet engine: [Apache Tomcat/9.0.22]
2021-06-28 17:52:26.541  INFO 8800 --- [    Test worker] o.a.c.c.C.[Tomcat].[localhost].[/]       : Initializing Spring embedded WebApplicationContext
2021-06-28 17:52:26.542  INFO 8800 --- [    Test worker] o.s.web.context.ContextLoader            : Root WebApplicationContext: initialization completed in 1868 ms
2021-06-28 17:52:26.929  INFO 8800 --- [    Test worker] com.zaxxer.hikari.HikariDataSource       : HikariPool-2 - Starting...
2021-06-28 17:52:26.931  INFO 8800 --- [    Test worker] com.zaxxer.hikari.HikariDataSource       : HikariPool-2 - Start completed.
2021-06-28 17:52:27.025  INFO 8800 --- [    Test worker] o.hibernate.jpa.internal.util.LogHelper  : HHH000204: Processing PersistenceUnitInfo [
	name: default
	...]
2021-06-28 17:52:27.055  INFO 8800 --- [    Test worker] org.hibernate.dialect.Dialect            : HHH000400: Using dialect: org.hibernate.dialect.MySQL5InnoDBDialect
Hibernate: drop table if exists posts
Hibernate: drop table if exists user
Hibernate: create table posts (id bigint not null auto_increment, created_date datetime, modified_date datetime, author varchar(255), content TEXT not null, title varchar(500) not null, primary key (id)) engine=InnoDB
Hibernate: create table user (id bigint not null auto_increment, created_date datetime, modified_date datetime, email varchar(255) not null, name varchar(255) not null, picture varchar(255), role varchar(255) not null, primary key (id)) engine=InnoDB
2021-06-28 17:52:27.174  INFO 8800 --- [    Test worker] o.h.t.schema.internal.SchemaCreatorImpl  : HHH000476: Executing import script 'org.hibernate.tool.schema.internal.exec.ScriptSourceInputNonExistentImpl@468c9425'
2021-06-28 17:52:27.175  INFO 8800 --- [    Test worker] j.LocalContainerEntityManagerFactoryBean : Initialized JPA EntityManagerFactory for persistence unit 'default'
2021-06-28 17:52:27.881  INFO 8800 --- [    Test worker] o.h.h.i.QueryTranslatorFactoryInitiator  : HHH000397: Using ASTQueryTranslatorFactory
2021-06-28 17:52:28.271  INFO 8800 --- [    Test worker] o.s.s.web.DefaultSecurityFilterChain     : Creating filter chain: any request, [org.springframework.security.web.context.request.async.WebAsyncManagerIntegrationFilter@6ae38903, org.springframework.security.web.context.SecurityContextPersistenceFilter@44309f2c, org.springframework.security.web.header.HeaderWriterFilter@7bb82cb1, org.springframework.security.web.authentication.logout.LogoutFilter@6e062c54, org.springframework.security.oauth2.client.web.OAuth2AuthorizationRequestRedirectFilter@4189fe48, org.springframework.security.oauth2.client.web.OAuth2LoginAuthenticationFilter@765049bd, org.springframework.security.web.authentication.ui.DefaultLoginPageGeneratingFilter@2e0f0f46, org.springframework.security.web.authentication.ui.DefaultLogoutPageGeneratingFilter@6e424143, org.springframework.security.web.savedrequest.RequestCacheAwareFilter@48d00972, org.springframework.security.web.servletapi.SecurityContextHolderAwareRequestFilter@7237697d, org.springframework.security.web.authentication.AnonymousAuthenticationFilter@60b7897d, org.springframework.security.web.session.SessionManagementFilter@64c71461, org.springframework.security.web.access.ExceptionTranslationFilter@617da22a, org.springframework.security.web.access.intercept.FilterSecurityInterceptor@30a6807c]
2021-06-28 17:52:28.733  INFO 8800 --- [    Test worker] o.s.s.concurrent.ThreadPoolTaskExecutor  : Initializing ExecutorService 'applicationTaskExecutor'
2021-06-28 17:52:28.759  WARN 8800 --- [    Test worker] aWebConfiguration$JpaWebMvcConfiguration : spring.jpa.open-in-view is enabled by default. Therefore, database queries may be performed during view rendering. Explicitly configure spring.jpa.open-in-view to disable this warning
2021-06-28 17:52:28.816  INFO 8800 --- [    Test worker] o.s.b.a.w.s.WelcomePageHandlerMapping    : Adding welcome page template: index
2021-06-28 17:52:29.479  INFO 8800 --- [    Test worker] s.a.ScheduledAnnotationBeanPostProcessor : No TaskScheduler/ScheduledExecutorService bean found for scheduled processing
2021-06-28 17:52:29.512  INFO 8800 --- [    Test worker] o.s.b.w.embedded.tomcat.TomcatWebServer  : Tomcat started on port(s): 59695 (http) with context path ''
2021-06-28 17:52:29.513  INFO 8800 --- [    Test worker] c.j.b.s.web.IndexControllerTest          : Started IndexControllerTest in 4.94 seconds (JVM running for 26.133)
2021-06-28 17:52:29.705  INFO 8800 --- [o-auto-1-exec-1] o.a.c.c.C.[Tomcat].[localhost].[/]       : Initializing Spring DispatcherServlet 'dispatcherServlet'
2021-06-28 17:52:29.705  INFO 8800 --- [o-auto-1-exec-1] o.s.web.servlet.DispatcherServlet        : Initializing Servlet 'dispatcherServlet'
2021-06-28 17:52:29.749  INFO 8800 --- [o-auto-1-exec-1] o.s.web.servlet.DispatcherServlet        : Completed initialization in 44 ms
Hibernate: select posts0_.id as id1_0_, posts0_.created_date as created_2_0_, posts0_.modified_date as modified3_0_, posts0_.author as author4_0_, posts0_.content as content5_0_, posts0_.title as title6_0_ from posts posts0_ order by posts0_.id desc
!!!!!!!!!!!!!!!!!!!!!!!!!!!
<!DOCTYPE HTML>
<html>
<head>
    <title>스프링부트 웹서비스</title>
    <meta http-equiv="Content-Type" content="text/html; charset=UTF-8" />

    <link rel="stylesheet" href="https://stackpath.bootstrapcdn.com/bootstrap/4.3.1/css/bootstrap.min.css">
</head>
<body>
<h1>스프링 부트로 시작하는 웹 서비스</h1>
<div class="col-md-12">
    <div class="row">
        <div class="col-md-6">
            <a href="/posts/save" role="button" class="btn btn-primary">글 등록</a>
                <a href="/oauth2/authorization/google" class="btn btn-success active" role="button">Google Login</a>
                <a href="/oauth2/authorization/naver" class="btn btn-secondary active" role="button">Naver Login</a>
                <a href="/oauth2/authorization/kakao" class="btn btn-warning active" role="button">카카오 로그인</a>
        </div>
    </div>
    <br>
    <br>
    <table class="table table-horizontal table-bordered">
        <thead class="thead-strong">
        <tr>
            <th>게시글 번호</th>
            <th>제목</th>
            <th>작성자</th>
            <th>최종수정일</th>
        </tr>
        </thead>
        <tbody id="tbody">
        </tbody>
    </table>
</div>
<script src="https://code.jquery.com/jquery-3.3.1.min.js"></script>
<script src="https://stackpath.bootstrapcdn.com/bootstrap/4.3.1/js/bootstrap.min.js"></script>

<!--index.js 추가-->
<script src="/js/app/index.js"></script>
</body>
</html>
]]></system-out>
  <system-err><![CDATA[]]></system-err>
</testsuite>
